<?xml version="1.0" encoding="UTF-8"?>
<!-- Generated by org.testng.reporters.JUnitReportReporter -->
<testsuite hostname="LAPTOP-VFGJEI3F" failures="0" tests="2" name="MavenFrameworkDesign.tests.StandAloneTest" time="34.845" errors="0" timestamp="2025-05-25T16:51:39 IST" skipped="0">
  <testcase classname="MavenFrameworkDesign.tests.StandAloneTest" name="StandAloneTest" time="16.490"/>
  <testcase classname="MavenFrameworkDesign.tests.StandAloneTest" name="StandAloneTest" time="18.355"/>
</testsuite> <!-- MavenFrameworkDesign.tests.StandAloneTest -->
