<?xml version="1.0" encoding="UTF-8"?>
<!-- Generated by org.testng.reporters.JUnitReportReporter -->
<testsuite hostname="LAPTOP-VFGJEI3F" failures="0" tests="2" name="MavenFrameworkDesign.tests.placeOrder" time="33.943" errors="0" timestamp="2025-06-01T14:34:13 IST" skipped="0">
  <testcase classname="MavenFrameworkDesign.tests.placeOrder" name="placeOrder" time="17.134"/>
  <testcase classname="MavenFrameworkDesign.tests.placeOrder" name="placeOrder" time="16.809"/>
</testsuite> <!-- MavenFrameworkDesign.tests.placeOrder -->
