<?xml version="1.0" encoding="UTF-8"?>
<!-- Generated by org.testng.reporters.JUnitReportReporter -->
<testsuite hostname="LAPTOP-VFGJEI3F" failures="0" tests="2" name="MavenFrameworkDesign.tests.placeOrder" time="34.837" errors="0" timestamp="2025-07-13T17:49:54 IST" skipped="0">
  <testcase classname="MavenFrameworkDesign.tests.placeOrder" name="placeOrder" time="17.464"/>
  <testcase classname="MavenFrameworkDesign.tests.placeOrder" name="placeOrder" time="17.373"/>
</testsuite> <!-- MavenFrameworkDesign.tests.placeOrder -->
