<?xml version="1.0" encoding="UTF-8"?>
<!-- Generated by org.testng.reporters.JUnitReportReporter -->
<testsuite hostname="LAPTOP-VFGJEI3F" failures="0" tests="1" name="MavenFrameworkDesign.tests.ErrorValidation" time="4.186" errors="0" timestamp="2025-05-25T17:34:29 IST" skipped="0">
  <testcase classname="MavenFrameworkDesign.tests.ErrorValidation" name="StandAloneTest" time="4.186"/>
</testsuite> <!-- MavenFrameworkDesign.tests.ErrorValidation -->
