<?xml version="1.0" encoding="UTF-8"?>
<!-- Generated by org.testng.reporters.JUnitReportReporter -->
<testsuite hostname="LAPTOP-VFGJEI3F" failures="0" tests="1" name="MavenFrameworkDesign.tests.ErrorValidation" time="4.259" errors="0" timestamp="2025-07-13T18:16:10 IST" skipped="0">
  <testcase classname="MavenFrameworkDesign.tests.ErrorValidation" name="ErrorValidation" time="4.259"/>
</testsuite> <!-- MavenFrameworkDesign.tests.ErrorValidation -->
