<?xml version="1.0" encoding="UTF-8"?>
<!-- Generated by org.testng.reporters.JUnitReportReporter -->
<testsuite hostname="LAPTOP-VFGJEI3F" failures="0" tests="2" name="MavenFrameworkDesign.tests.placeOrder" time="34.519" errors="0" timestamp="2025-08-16T16:43:28 IST" skipped="0">
  <testcase classname="MavenFrameworkDesign.tests.placeOrder" name="placeOrder" time="16.552"/>
  <testcase classname="MavenFrameworkDesign.tests.placeOrder" name="placeOrder" time="17.967"/>
</testsuite> <!-- MavenFrameworkDesign.tests.placeOrder -->
